<?xml version="1.0" encoding="UTF-8"?>
<testng-results skipped="0" failed="0" ignored="0" total="1" passed="1">
  <reporter-output>
  </reporter-output>
  <suite name="Default suite" duration-ms="7914" started-at="2021-03-11T21:37:04 IST" finished-at="2021-03-11T21:37:12 IST">
    <groups>
    </groups>
    <test name="Default test" duration-ms="7914" started-at="2021-03-11T21:37:04 IST" finished-at="2021-03-11T21:37:12 IST">
      <class name="com.test.selenium.AllElements">
        <test-method status="PASS" signature="launchBrowser()[pri:0, instance:com.test.selenium.AllElements@47ef968d]" name="launchBrowser" is-config="true" duration-ms="1740" started-at="2021-03-11T21:37:04 IST" finished-at="2021-03-11T21:37:05 IST">
          <reporter-output>
          </reporter-output>
        </test-method> <!-- launchBrowser -->
        <test-method status="PASS" signature="completeWebForm()[pri:1, instance:com.test.selenium.AllElements@47ef968d]" name="completeWebForm" duration-ms="5519" started-at="2021-03-11T21:37:05 IST" description="Prerequisite action before Test run" finished-at="2021-03-11T21:37:11 IST">
          <reporter-output>
          </reporter-output>
        </test-method> <!-- completeWebForm -->
        <test-method status="PASS" signature="terminateBrowser()[pri:0, instance:com.test.selenium.AllElements@47ef968d]" name="terminateBrowser" is-config="true" duration-ms="636" started-at="2021-03-11T21:37:11 IST" finished-at="2021-03-11T21:37:12 IST">
          <reporter-output>
          </reporter-output>
        </test-method> <!-- terminateBrowser -->
      </class> <!-- com.test.selenium.AllElements -->
    </test> <!-- Default test -->
  </suite> <!-- Default suite -->
</testng-results>
